#
# There is insufficient memory for the Java Runtime Environment to continue.
# Native memory allocation (mmap) failed to map 65536 bytes for Failed to commit metaspace.
# Possible reasons:
#   The system is out of physical RAM or swap space
#   The process is running with CompressedOops enabled, and the Java Heap may be blocking the growth of the native heap
# Possible solutions:
#   Reduce memory load on the system
#   Increase physical memory or swap space
#   Check if swap backing store is full
#   Decrease Java heap size (-Xmx/-Xms)
#   Decrease number of Java threads
#   Decrease Java thread stack sizes (-Xss)
#   Set larger code cache with -XX:ReservedCodeCacheSize=
#   JVM is running with Unscaled Compressed Oops mode in which the Java heap is
#     placed in the first 4GB address space. The Java Heap base address is the
#     maximum limit for the native heap growth. Please use -XX:HeapBaseMinAddress
#     to set the Java Heap base and to place the Java Heap above 4GB virtual address.
# This output file may be truncated or incomplete.
#
#  Out of Memory Error (virtualSpaceNode.cpp:110), pid=4396, tid=2796
#
# JRE version: OpenJDK Runtime Environment Temurin-17.0.10+7 (17.0.10+7) (build 17.0.10+7)
# Java VM: OpenJDK 64-Bit Server VM Temurin-17.0.10+7 (17.0.10+7, mixed mode, tiered, compressed oops, compressed class ptrs, parallel gc, windows-amd64)
# No core dump will be written. Minidumps are not enabled by default on client versions of Windows
#

---------------  S U M M A R Y ------------

Command Line: --add-modules=ALL-SYSTEM --add-opens=java.base/java.util=ALL-UNNAMED --add-opens=java.base/java.lang=ALL-UNNAMED --add-opens=java.base/sun.nio.fs=ALL-UNNAMED -Declipse.application=org.eclipse.jdt.ls.core.id1 -Dosgi.bundles.defaultStartLevel=4 -Declipse.product=org.eclipse.jdt.ls.core.product -Djava.import.generatesMetadataFilesAtProjectRoot=false -DDetectVMInstallationsJob.disabled=true -Dfile.encoding=utf8 -XX:+UseParallelGC -XX:GCTimeRatio=4 -XX:AdaptiveSizePolicyWeight=90 -Dsun.zip.disableMemoryMapping=true -Xmx1G -Xms100m -Xlog:disable -javaagent:c:\Users\Windows\.vscode\extensions\redhat.java-1.30.0-win32-x64\lombok\lombok-1.18.32.jar c:\Users\Windows\.vscode\extensions\redhat.java-1.30.0-win32-x64\server\plugins\org.eclipse.equinox.launcher_1.6.800.v20240330-1250.jar -configuration c:\Users\Windows\AppData\Roaming\Code\User\globalStorage\redhat.java\1.30.0\config_ss_win -data c:\Users\Windows\AppData\Roaming\Code\User\workspaceStorage\f0bb040b8192fd1700751b880f193904\redhat.java\ss_ws --pipe=\\.\pipe\lsp-663c3b7f8e716e249f89cbc1de99e278-sock

Host: 11th Gen Intel(R) Core(TM) i5-1155G7 @ 2.50GHz, 8 cores, 7G,  Windows 11 , 64 bit Build 22621 (10.0.22621.3527)
Time: Mon May 27 08:57:15 2024 India Standard Time elapsed time: 1.025532 seconds (0d 0h 0m 1s)

---------------  T H R E A D  ---------------

Current thread (0x000002217628e510):  JavaThread "C1 CompilerThread0" daemon [_thread_in_vm, id=2796, stack(0x000000f988b00000,0x000000f988c00000)]


Current CompileTask:
C1:   1025 1037       3       java.util.ArrayDeque::add (7 bytes)

Stack: [0x000000f988b00000,0x000000f988c00000]
Native frames: (J=compiled Java code, j=interpreted, Vv=VM code, C=native code)
V  [jvm.dll+0x67d2c9]
V  [jvm.dll+0x834afa]
V  [jvm.dll+0x8365be]
V  [jvm.dll+0x836c23]
V  [jvm.dll+0x2477ff]
V  [jvm.dll+0x8307bb]
V  [jvm.dll+0x621d16]
V  [jvm.dll+0x621d7a]
V  [jvm.dll+0x6245aa]
V  [jvm.dll+0x6226b6]
V  [jvm.dll+0x6339ea]
V  [jvm.dll+0x62c7ca]
V  [jvm.dll+0x1cda30]
V  [jvm.dll+0x1cdc20]
V  [jvm.dll+0x135b8e]
V  [jvm.dll+0x135eb6]
V  [jvm.dll+0x13534a]
V  [jvm.dll+0x137001]
V  [jvm.dll+0x2290de]
V  [jvm.dll+0x2272ac]
V  [jvm.dll+0x7e9bb7]
V  [jvm.dll+0x7e3fba]
V  [jvm.dll+0x67c1b5]
C  [ucrtbase.dll+0x29333]
C  [KERNEL32.DLL+0x1257d]
C  [ntdll.dll+0x5aa48]


---------------  P R O C E S S  ---------------

Threads class SMR info:
_java_thread_list=0x00000221777f1170, length=13, elements={
0x000002215d2bd830, 0x000002217113f020, 0x0000022171141390, 0x0000022176282440,
0x0000022176282e10, 0x00000221762839d0, 0x00000221762864a0, 0x0000022176287240,
0x000002217628e510, 0x000002217628f600, 0x00000221764088e0, 0x000002217658c2f0,
0x00000221774ad320
}

Java Threads: ( => current thread )
  0x000002215d2bd830 JavaThread "main" [_thread_in_vm, id=13000, stack(0x000000f988100000,0x000000f988200000)]
  0x000002217113f020 JavaThread "Reference Handler" daemon [_thread_blocked, id=12364, stack(0x000000f988400000,0x000000f988500000)]
  0x0000022171141390 JavaThread "Finalizer" daemon [_thread_blocked, id=11808, stack(0x000000f988500000,0x000000f988600000)]
  0x0000022176282440 JavaThread "Signal Dispatcher" daemon [_thread_blocked, id=14200, stack(0x000000f988600000,0x000000f988700000)]
  0x0000022176282e10 JavaThread "Attach Listener" daemon [_thread_blocked, id=8320, stack(0x000000f988700000,0x000000f988800000)]
  0x00000221762839d0 JavaThread "Service Thread" daemon [_thread_blocked, id=14884, stack(0x000000f988800000,0x000000f988900000)]
  0x00000221762864a0 JavaThread "Monitor Deflation Thread" daemon [_thread_blocked, id=2120, stack(0x000000f988900000,0x000000f988a00000)]
  0x0000022176287240 JavaThread "C2 CompilerThread0" daemon [_thread_blocked, id=3660, stack(0x000000f988a00000,0x000000f988b00000)]
=>0x000002217628e510 JavaThread "C1 CompilerThread0" daemon [_thread_in_vm, id=2796, stack(0x000000f988b00000,0x000000f988c00000)]
  0x000002217628f600 JavaThread "Sweeper thread" daemon [_thread_blocked, id=5840, stack(0x000000f988c00000,0x000000f988d00000)]
  0x00000221764088e0 JavaThread "Common-Cleaner" daemon [_thread_blocked, id=2468, stack(0x000000f988d00000,0x000000f988e00000)]
  0x000002217658c2f0 JavaThread "Notification Thread" daemon [_thread_blocked, id=15004, stack(0x000000f988e00000,0x000000f988f00000)]
  0x00000221774ad320 JavaThread "C2 CompilerThread1" daemon [_thread_blocked, id=14184, stack(0x000000f989000000,0x000000f989100000)]

Other Threads:
  0x000002215d36ea70 VMThread "VM Thread" [stack: 0x000000f988300000,0x000000f988400000] [id=6624]
  0x000002217658cbc0 WatcherThread [stack: 0x000000f988f00000,0x000000f989000000] [id=2396]
  0x000002215d2d2940 GCTaskThread "GC Thread#0" [stack: 0x000000f988200000,0x000000f988300000] [id=9184]
  0x00000221765d1db0 GCTaskThread "GC Thread#1" [stack: 0x000000f989100000,0x000000f989200000] [id=3732]
  0x00000221777aff50 GCTaskThread "GC Thread#2" [stack: 0x000000f989200000,0x000000f989300000] [id=14260]
  0x00000221776d1d50 GCTaskThread "GC Thread#3" [stack: 0x000000f989300000,0x000000f989400000] [id=13776]
  0x00000221776d2010 GCTaskThread "GC Thread#4" [stack: 0x000000f989400000,0x000000f989500000] [id=14908]
  0x0000022177b1dc30 GCTaskThread "GC Thread#5" [stack: 0x000000f989500000,0x000000f989600000] [id=968]
  0x0000022177b1def0 GCTaskThread "GC Thread#6" [stack: 0x000000f989600000,0x000000f989700000] [id=13160]

Threads with active compile tasks:
C1 CompilerThread0     1041 1037       3       java.util.ArrayDeque::add (7 bytes)

VM state: not at safepoint (normal execution)

VM Mutex/Monitor currently owned by a thread:  ([mutex/lock_event])
[0x000002215b06dfa0] Metaspace_lock - owner thread: 0x000002217628e510
[0x000002215d2babe0] MethodData_lock - owner thread: 0x000002217628e510

Heap address: 0x00000000c0000000, size: 1024 MB, Compressed Oops mode: 32-bit

CDS archive(s) not mapped
Compressed class space mapped at: 0x0000000100000000-0x0000000140000000, reserved size: 1073741824
Narrow klass base: 0x0000000000000000, Narrow klass shift: 3, Narrow klass range: 0x140000000

GC Precious Log:
 CPUs: 8 total, 8 available
 Memory: 7834M
 Large Page Support: Disabled
 NUMA Support: Disabled
 Compressed Oops: Enabled (32-bit)
 Alignments: Space 512K, Generation 512K, Heap 2M
 Heap Min Capacity: 100M
 Heap Initial Capacity: 100M
 Heap Max Capacity: 1G
 Pre-touch: Disabled
 Parallel Workers: 8

Heap:
 PSYoungGen      total 29696K, used 5938K [0x00000000eab00000, 0x00000000ecc00000, 0x0000000100000000)
  eden space 25600K, 10% used [0x00000000eab00000,0x00000000eadb76a0,0x00000000ec400000)
  from space 4096K, 77% used [0x00000000ec400000,0x00000000ec715298,0x00000000ec800000)
  to   space 4096K, 0% used [0x00000000ec800000,0x00000000ec800000,0x00000000ecc00000)
 ParOldGen       total 68608K, used 16K [0x00000000c0000000, 0x00000000c4300000, 0x00000000eab00000)
  object space 68608K, 0% used [0x00000000c0000000,0x00000000c0004000,0x00000000c4300000)
 Metaspace       used 11589K, committed 11712K, reserved 1114112K
  class space    used 1158K, committed 1216K, reserved 1048576K

Card table byte_map: [0x000002215cc80000,0x000002215ce90000] _byte_map_base: 0x000002215c680000

Marking Bits: (ParMarkBitMap*) 0x00007ff919fad7d0
 Begin Bits: [0x000002216ef50000, 0x000002216ff50000)
 End Bits:   [0x000002216ff50000, 0x0000022170f50000)

Polling page: 0x000002215ca70000

Metaspace:

Usage:
  Non-class:     10.19 MB used.
      Class:      1.13 MB used.
       Both:     11.32 MB used.

Virtual space:
  Non-class space:       64.00 MB reserved,      10.25 MB ( 16%) committed,  1 nodes.
      Class space:        1.00 GB reserved,       1.19 MB ( <1%) committed,  1 nodes.
             Both:        1.06 GB reserved,      11.44 MB (  1%) committed. 

Chunk freelists:
   Non-Class:  4.86 MB
       Class:  14.64 MB
        Both:  19.50 MB

MaxMetaspaceSize: unlimited
CompressedClassSpaceSize: 1.00 GB
Initial GC threshold: 21.00 MB
Current GC threshold: 21.00 MB
CDS: off
MetaspaceReclaimPolicy: balanced
 - commit_granule_bytes: 65536.
 - commit_granule_words: 8192.
 - virtual_space_node_default_size: 8388608.
 - enlarge_chunks_in_place: 1.
 - new_chunks_are_fully_committed: 0.
 - uncommit_free_chunks: 1.
 - use_allocation_guard: 0.
 - handle_deallocations: 1.


Internal statistics:

num_allocs_failed_limit: 0.
num_arena_births: 30.
num_arena_deaths: 0.
num_vsnodes_births: 2.
num_vsnodes_deaths: 0.
num_space_committed: 183.
num_space_uncommitted: 0.
num_chunks_returned_to_freelist: 0.
num_chunks_taken_from_freelist: 121.
num_chunk_merges: 0.
num_chunk_splits: 79.
num_chunks_enlarged: 67.
num_inconsistent_stats: 0.

CodeHeap 'non-profiled nmethods': size=120000Kb used=411Kb max_used=411Kb free=119588Kb
 bounds [0x0000022167a20000, 0x0000022167c90000, 0x000002216ef50000]
CodeHeap 'profiled nmethods': size=120000Kb used=1776Kb max_used=1776Kb free=118223Kb
 bounds [0x000002215ff50000, 0x00000221601c0000, 0x0000022167480000]
CodeHeap 'non-nmethods': size=5760Kb used=1155Kb max_used=1175Kb free=4604Kb
 bounds [0x0000022167480000, 0x00000221676f0000, 0x0000022167a20000]
 total_blobs=1473 nmethods=1036 adapters=352
 compilation: enabled
              stopped_count=0, restarted_count=0
 full_count=0

Compilation events (20 events):
Event: 1.015 Thread 0x000002217628e510 nmethod 1027 0x0000022160105690 code [0x00000221601058e0, 0x0000022160106488]
Event: 1.015 Thread 0x000002217628e510 1028       3       java.lang.reflect.AccessibleObject::isAccessChecked (25 bytes)
Event: 1.015 Thread 0x000002217628e510 nmethod 1028 0x0000022160106790 code [0x0000022160106960, 0x0000022160106e28]
Event: 1.017 Thread 0x000002217628e510 1029       3       java.util.concurrent.ConcurrentHashMap::isEmpty (15 bytes)
Event: 1.017 Thread 0x000002217628e510 nmethod 1029 0x0000022160106f90 code [0x0000022160107140, 0x00000221601072e8]
Event: 1.017 Thread 0x000002217628e510 1030       3       java.util.ArrayList::toArray (12 bytes)
Event: 1.017 Thread 0x000002217628e510 nmethod 1030 0x0000022160107390 code [0x0000022160107540, 0x0000022160107708]
Event: 1.017 Thread 0x000002217628e510 1031       3       java.nio.Buffer::hasRemaining (17 bytes)
Event: 1.017 Thread 0x000002217628e510 nmethod 1031 0x0000022160107810 code [0x00000221601079a0, 0x0000022160107b18]
Event: 1.017 Thread 0x000002217628e510 1032   !   3       java.util.concurrent.ConcurrentHashMap::computeIfAbsent (578 bytes)
Event: 1.018 Thread 0x000002217628e510 nmethod 1032 0x0000022160107b90 code [0x0000022160107fa0, 0x000002216010a178]
Event: 1.019 Thread 0x000002217628e510 1033       3       java.util.zip.ZipCoder$UTF8ZipCoder::hasTrailingSlash (20 bytes)
Event: 1.019 Thread 0x000002217628e510 nmethod 1033 0x000002216010b210 code [0x000002216010b3a0, 0x000002216010b578]
Event: 1.019 Thread 0x000002217628e510 1034       3       java.util.Collections$SetFromMap::add (22 bytes)
Event: 1.019 Thread 0x000002217628e510 nmethod 1034 0x000002216010b690 code [0x000002216010b840, 0x000002216010ba68]
Event: 1.019 Thread 0x000002217628e510 1035       1       java.lang.invoke.MethodHandles$Lookup::previousLookupClass (5 bytes)
Event: 1.019 Thread 0x000002217628e510 nmethod 1035 0x0000022167a86b90 code [0x0000022167a86d20, 0x0000022167a86df8]
Event: 1.023 Thread 0x000002217628e510 1036       3       java.util.ArrayDeque::addLast (51 bytes)
Event: 1.023 Thread 0x000002217628e510 nmethod 1036 0x000002216010bb10 code [0x000002216010bce0, 0x000002216010c158]
Event: 1.024 Thread 0x000002217628e510 1037       3       java.util.ArrayDeque::add (7 bytes)

GC Heap History (2 events):
Event: 0.962 GC heap before
{Heap before GC invocations=1 (full 0):
 PSYoungGen      total 29696K, used 25600K [0x00000000eab00000, 0x00000000ecc00000, 0x0000000100000000)
  eden space 25600K, 100% used [0x00000000eab00000,0x00000000ec400000,0x00000000ec400000)
  from space 4096K, 0% used [0x00000000ec800000,0x00000000ec800000,0x00000000ecc00000)
  to   space 4096K, 0% used [0x00000000ec400000,0x00000000ec400000,0x00000000ec800000)
 ParOldGen       total 68608K, used 0K [0x00000000c0000000, 0x00000000c4300000, 0x00000000eab00000)
  object space 68608K, 0% used [0x00000000c0000000,0x00000000c0000000,0x00000000c4300000)
 Metaspace       used 11011K, committed 11200K, reserved 1114112K
  class space    used 1098K, committed 1216K, reserved 1048576K
}
Event: 0.966 GC heap after
{Heap after GC invocations=1 (full 0):
 PSYoungGen      total 29696K, used 3156K [0x00000000eab00000, 0x00000000ecc00000, 0x0000000100000000)
  eden space 25600K, 0% used [0x00000000eab00000,0x00000000eab00000,0x00000000ec400000)
  from space 4096K, 77% used [0x00000000ec400000,0x00000000ec715298,0x00000000ec800000)
  to   space 4096K, 0% used [0x00000000ec800000,0x00000000ec800000,0x00000000ecc00000)
 ParOldGen       total 68608K, used 16K [0x00000000c0000000, 0x00000000c4300000, 0x00000000eab00000)
  object space 68608K, 0% used [0x00000000c0000000,0x00000000c0004000,0x00000000c4300000)
 Metaspace       used 11011K, committed 11200K, reserved 1114112K
  class space    used 1098K, committed 1216K, reserved 1048576K
}

Dll operation events (8 events):
Event: 0.054 Loaded shared library c:\Users\Windows\.vscode\extensions\redhat.java-1.30.0-win32-x64\jre\17.0.10-win32-x86_64\bin\java.dll
Event: 0.312 Loaded shared library c:\Users\Windows\.vscode\extensions\redhat.java-1.30.0-win32-x64\jre\17.0.10-win32-x86_64\bin\zip.dll
Event: 0.313 Loaded shared library C:\Users\Windows\.vscode\extensions\redhat.java-1.30.0-win32-x64\jre\17.0.10-win32-x86_64\bin\instrument.dll
Event: 0.324 Loaded shared library C:\Users\Windows\.vscode\extensions\redhat.java-1.30.0-win32-x64\jre\17.0.10-win32-x86_64\bin\net.dll
Event: 0.327 Loaded shared library C:\Users\Windows\.vscode\extensions\redhat.java-1.30.0-win32-x64\jre\17.0.10-win32-x86_64\bin\nio.dll
Event: 0.333 Loaded shared library C:\Users\Windows\.vscode\extensions\redhat.java-1.30.0-win32-x64\jre\17.0.10-win32-x86_64\bin\zip.dll
Event: 0.352 Loaded shared library C:\Users\Windows\.vscode\extensions\redhat.java-1.30.0-win32-x64\jre\17.0.10-win32-x86_64\bin\jimage.dll
Event: 0.407 Loaded shared library c:\Users\Windows\.vscode\extensions\redhat.java-1.30.0-win32-x64\jre\17.0.10-win32-x86_64\bin\verify.dll

Deoptimization events (20 events):
Event: 0.923 Thread 0x000002215d2bd830 Uncommon trap: trap_request=0xffffffde fr.pc=0x0000022167a5869c relative=0x000000000000053c
Event: 0.923 Thread 0x000002215d2bd830 Uncommon trap: reason=class_check action=maybe_recompile pc=0x0000022167a5869c method=java.util.Collections$UnmodifiableCollection$1.<init>(Ljava/util/Collections$UnmodifiableCollection;)V @ 17 c2
Event: 0.923 Thread 0x000002215d2bd830 DEOPT PACKING pc=0x0000022167a5869c sp=0x000000f9881fe290
Event: 0.923 Thread 0x000002215d2bd830 DEOPT UNPACKING pc=0x00000221674d9ea3 sp=0x000000f9881fe1d8 mode 2
Event: 0.923 Thread 0x000002215d2bd830 Uncommon trap: trap_request=0xffffff45 fr.pc=0x0000022167a707e4 relative=0x0000000000000244
Event: 0.923 Thread 0x000002215d2bd830 Uncommon trap: reason=unstable_if action=reinterpret pc=0x0000022167a707e4 method=java.util.HashMap.hash(Ljava/lang/Object;)I @ 1 c2
Event: 0.923 Thread 0x000002215d2bd830 DEOPT PACKING pc=0x0000022167a707e4 sp=0x000000f9881fe240
Event: 0.923 Thread 0x000002215d2bd830 DEOPT UNPACKING pc=0x00000221674d9ea3 sp=0x000000f9881fe0d8 mode 2
Event: 0.923 Thread 0x000002215d2bd830 Uncommon trap: trap_request=0xffffff45 fr.pc=0x0000022167a68768 relative=0x00000000000002a8
Event: 0.923 Thread 0x000002215d2bd830 Uncommon trap: reason=unstable_if action=reinterpret pc=0x0000022167a68768 method=java.util.HashMap.hash(Ljava/lang/Object;)I @ 1 c2
Event: 0.923 Thread 0x000002215d2bd830 DEOPT PACKING pc=0x0000022167a68768 sp=0x000000f9881fe2d0
Event: 0.923 Thread 0x000002215d2bd830 DEOPT UNPACKING pc=0x00000221674d9ea3 sp=0x000000f9881fe1e8 mode 2
Event: 0.923 Thread 0x000002215d2bd830 Uncommon trap: trap_request=0xffffffde fr.pc=0x0000022167a5869c relative=0x000000000000053c
Event: 0.923 Thread 0x000002215d2bd830 Uncommon trap: reason=class_check action=maybe_recompile pc=0x0000022167a5869c method=java.util.Collections$UnmodifiableCollection$1.<init>(Ljava/util/Collections$UnmodifiableCollection;)V @ 17 c2
Event: 0.923 Thread 0x000002215d2bd830 DEOPT PACKING pc=0x0000022167a5869c sp=0x000000f9881fe290
Event: 0.923 Thread 0x000002215d2bd830 DEOPT UNPACKING pc=0x00000221674d9ea3 sp=0x000000f9881fe1d8 mode 2
Event: 0.923 Thread 0x000002215d2bd830 Uncommon trap: trap_request=0xffffff45 fr.pc=0x0000022167a66594 relative=0x0000000000000094
Event: 0.923 Thread 0x000002215d2bd830 Uncommon trap: reason=unstable_if action=reinterpret pc=0x0000022167a66594 method=java.util.HashMap.hash(Ljava/lang/Object;)I @ 1 c2
Event: 0.923 Thread 0x000002215d2bd830 DEOPT PACKING pc=0x0000022167a66594 sp=0x000000f9881fe140
Event: 0.923 Thread 0x000002215d2bd830 DEOPT UNPACKING pc=0x00000221674d9ea3 sp=0x000000f9881fe0d8 mode 2

Classes unloaded (0 events):
No events

Classes redefined (0 events):
No events

Internal exceptions (20 events):
Event: 0.660 Thread 0x000002215d2bd830 Exception <a 'java/io/FileNotFoundException'{0x00000000eb876598}> (0x00000000eb876598) 
thrown [s\src\hotspot\share\prims\jni.cpp, line 516]
Event: 0.660 Thread 0x000002215d2bd830 Exception <a 'java/io/FileNotFoundException'{0x00000000eb877298}> (0x00000000eb877298) 
thrown [s\src\hotspot\share\prims\jni.cpp, line 516]
Event: 0.660 Thread 0x000002215d2bd830 Exception <a 'java/io/FileNotFoundException'{0x00000000eb877f78}> (0x00000000eb877f78) 
thrown [s\src\hotspot\share\prims\jni.cpp, line 516]
Event: 0.666 Thread 0x000002215d2bd830 Implicit null exception at 0x0000022167a42572 to 0x0000022167a42ae8
Event: 0.668 Thread 0x000002215d2bd830 Exception <a 'java/io/FileNotFoundException'{0x00000000eb8b0dc8}> (0x00000000eb8b0dc8) 
thrown [s\src\hotspot\share\prims\jni.cpp, line 516]
Event: 0.882 Thread 0x000002215d2bd830 Exception <a 'java/lang/ClassNotFoundException'{0x00000000ec0b7e00}: sun/net/www/protocol/c/Handler> (0x00000000ec0b7e00) 
thrown [s\src\hotspot\share\classfile\systemDictionary.cpp, line 256]
Event: 0.883 Thread 0x000002215d2bd830 Exception <a 'java/lang/ClassNotFoundException'{0x00000000ec0b9140}: sun/net/www/protocol/c/Handler> (0x00000000ec0b9140) 
thrown [s\src\hotspot\share\classfile\systemDictionary.cpp, line 256]
Event: 0.884 Thread 0x000002215d2bd830 Exception <a 'java/lang/ClassNotFoundException'{0x00000000ec0ba2b8}: sun/net/www/protocol/c/Handler> (0x00000000ec0ba2b8) 
thrown [s\src\hotspot\share\classfile\systemDictionary.cpp, line 256]
Event: 0.890 Thread 0x000002215d2bd830 Exception <a 'java/io/FileNotFoundException'{0x00000000ec0de4e8}> (0x00000000ec0de4e8) 
thrown [s\src\hotspot\share\prims\jni.cpp, line 516]
Event: 0.922 Thread 0x000002215d2bd830 Implicit null exception at 0x0000022167a6533b to 0x0000022167a65c68
Event: 0.923 Thread 0x000002215d2bd830 Implicit null exception at 0x0000022167a705ec to 0x0000022167a707cc
Event: 0.923 Thread 0x000002215d2bd830 Implicit null exception at 0x0000022167a6850e to 0x0000022167a68748
Event: 0.923 Thread 0x000002215d2bd830 Implicit null exception at 0x0000022167a6650f to 0x0000022167a66585
Event: 0.953 Thread 0x000002215d2bd830 Exception <a 'java/lang/NoSuchMethodError'{0x00000000ec3b3ba8}: 'int java.lang.invoke.DirectMethodHandle$Holder.invokeStaticInit(java.lang.Object, java.lang.Object, java.lang.Object, java.lang.Object)'> (0x00000000ec3b3ba8) 
thrown [s\src\hotspot\share\interpreter\linkResolver.cpp, line 759]
Event: 0.954 Thread 0x000002215d2bd830 Exception <a 'java/lang/NoSuchMethodError'{0x00000000ec3be218}: 'java.lang.Object java.lang.invoke.DirectMethodHandle$Holder.invokeInterface(java.lang.Object, java.lang.Object)'> (0x00000000ec3be218) 
thrown [s\src\hotspot\share\interpreter\linkResolver.cpp, line 759]
Event: 0.954 Thread 0x000002215d2bd830 Exception <a 'java/lang/IncompatibleClassChangeError'{0x00000000ec3c1a10}: Found class java.lang.Object, but interface was expected> (0x00000000ec3c1a10) 
thrown [s\src\hotspot\share\interpreter\linkResolver.cpp, line 826]
Event: 0.955 Thread 0x000002215d2bd830 Exception <a 'java/lang/NoSuchMethodError'{0x00000000ec3c5f00}: 'void java.lang.invoke.DirectMethodHandle$Holder.invokeStatic(java.lang.Object, java.lang.Object)'> (0x00000000ec3c5f00) 
thrown [s\src\hotspot\share\interpreter\linkResolver.cpp, line 759]
Event: 0.955 Thread 0x000002215d2bd830 Exception <a 'java/lang/NoSuchMethodError'{0x00000000ec3c9700}: 'void java.lang.invoke.DirectMethodHandle$Holder.invokeStaticInit(java.lang.Object, java.lang.Object)'> (0x00000000ec3c9700) 
thrown [s\src\hotspot\share\interpreter\linkResolver.cpp, line 759]
Event: 0.956 Thread 0x000002215d2bd830 Exception <a 'java/lang/NoSuchMethodError'{0x00000000ec3d0b50}: 'int java.lang.invoke.DirectMethodHandle$Holder.invokeStaticInit(java.lang.Object, java.lang.Object)'> (0x00000000ec3d0b50) 
thrown [s\src\hotspot\share\interpreter\linkResolver.cpp, line 759]
Event: 1.005 Thread 0x000002215d2bd830 Exception <a 'java/lang/NoSuchMethodError'{0x00000000eabfb330}: 'void java.lang.invoke.DirectMethodHandle$Holder.invokeSpecial(java.lang.Object, java.lang.Object, java.lang.Object)'> (0x00000000eabfb330) 
thrown [s\src\hotspot\share\interpreter\linkResolver.cpp, line 759]

VM Operations (12 events):
Event: 0.286 Executing VM operation: HandshakeAllThreads
Event: 0.286 Executing VM operation: HandshakeAllThreads done
Event: 0.367 Executing VM operation: HandshakeAllThreads
Event: 0.367 Executing VM operation: HandshakeAllThreads done
Event: 0.614 Executing VM operation: HandshakeAllThreads
Event: 0.614 Executing VM operation: HandshakeAllThreads done
Event: 0.637 Executing VM operation: HandshakeAllThreads
Event: 0.637 Executing VM operation: HandshakeAllThreads done
Event: 0.846 Executing VM operation: ICBufferFull
Event: 0.846 Executing VM operation: ICBufferFull done
Event: 0.962 Executing VM operation: ParallelGCFailedAllocation
Event: 0.966 Executing VM operation: ParallelGCFailedAllocation done

Events (20 events):
Event: 1.019 loading class java/lang/invoke/VarHandleReferences$FieldInstanceReadOnly done
Event: 1.019 loading class java/lang/invoke/VarHandleReferences$FieldInstanceReadWrite done
Event: 1.019 loading class java/util/concurrent/SynchronousQueue
Event: 1.020 loading class java/util/AbstractQueue
Event: 1.020 loading class java/util/AbstractQueue done
Event: 1.020 loading class java/util/concurrent/SynchronousQueue done
Event: 1.020 loading class java/util/concurrent/SynchronousQueue$TransferStack
Event: 1.020 loading class java/util/concurrent/SynchronousQueue$Transferer
Event: 1.020 loading class java/util/concurrent/SynchronousQueue$Transferer done
Event: 1.020 loading class java/util/concurrent/SynchronousQueue$TransferStack done
Event: 1.020 loading class java/util/concurrent/SynchronousQueue$TransferStack$SNode
Event: 1.020 loading class java/util/concurrent/ForkJoinPool$ManagedBlocker
Event: 1.021 loading class java/util/concurrent/ForkJoinPool$ManagedBlocker done
Event: 1.021 loading class java/util/concurrent/SynchronousQueue$TransferStack$SNode done
Event: 1.021 loading class java/util/concurrent/RejectedExecutionHandler
Event: 1.021 loading class java/util/concurrent/RejectedExecutionHandler done
Event: 1.022 loading class java/util/concurrent/LinkedBlockingQueue
Event: 1.022 loading class java/util/concurrent/LinkedBlockingQueue done
Event: 1.023 loading class java/util/concurrent/LinkedBlockingQueue$Node
Event: 1.023 loading class java/util/concurrent/LinkedBlockingQueue$Node done


Dynamic libraries:
0x00007ff69f3e0000 - 0x00007ff69f3ee000 	c:\Users\Windows\.vscode\extensions\redhat.java-1.30.0-win32-x64\jre\17.0.10-win32-x86_64\bin\java.exe
0x00007ff96b770000 - 0x00007ff96b987000 	C:\Windows\SYSTEM32\ntdll.dll
0x00007ff96a970000 - 0x00007ff96aa34000 	C:\Windows\System32\KERNEL32.DLL
0x00007ff968d20000 - 0x00007ff9690c7000 	C:\Windows\System32\KERNELBASE.dll
0x00007ff968a90000 - 0x00007ff968ba1000 	C:\Windows\System32\ucrtbase.dll
0x00007ff95dab0000 - 0x00007ff95dacb000 	c:\Users\Windows\.vscode\extensions\redhat.java-1.30.0-win32-x64\jre\17.0.10-win32-x86_64\bin\VCRUNTIME140.dll
0x00007ff95c9b0000 - 0x00007ff95c9c7000 	c:\Users\Windows\.vscode\extensions\redhat.java-1.30.0-win32-x64\jre\17.0.10-win32-x86_64\bin\jli.dll
0x00007ff96aa40000 - 0x00007ff96abee000 	C:\Windows\System32\USER32.dll
0x00007ff9692e0000 - 0x00007ff969306000 	C:\Windows\System32\win32u.dll
0x00007ff946e90000 - 0x00007ff947123000 	C:\Windows\WinSxS\amd64_microsoft.windows.common-controls_6595b64144ccf1df_6.0.22621.3527_none_270e469b73872a76\COMCTL32.dll
0x00007ff96b350000 - 0x00007ff96b379000 	C:\Windows\System32\GDI32.dll
0x00007ff96b680000 - 0x00007ff96b727000 	C:\Windows\System32\msvcrt.dll
0x00007ff9691c0000 - 0x00007ff9692d9000 	C:\Windows\System32\gdi32full.dll
0x00007ff969380000 - 0x00007ff96941a000 	C:\Windows\System32\msvcp_win.dll
0x00007ff96abf0000 - 0x00007ff96ac21000 	C:\Windows\System32\IMM32.DLL
0x00007ff95daa0000 - 0x00007ff95daac000 	c:\Users\Windows\.vscode\extensions\redhat.java-1.30.0-win32-x64\jre\17.0.10-win32-x86_64\bin\vcruntime140_1.dll
0x00007ff941760000 - 0x00007ff9417ed000 	c:\Users\Windows\.vscode\extensions\redhat.java-1.30.0-win32-x64\jre\17.0.10-win32-x86_64\bin\msvcp140.dll
0x00007ff919410000 - 0x00007ff91a072000 	c:\Users\Windows\.vscode\extensions\redhat.java-1.30.0-win32-x64\jre\17.0.10-win32-x86_64\bin\server\jvm.dll
0x00007ff96adf0000 - 0x00007ff96aea2000 	C:\Windows\System32\ADVAPI32.dll
0x00007ff96ad40000 - 0x00007ff96ade8000 	C:\Windows\System32\sechost.dll
0x00007ff9690d0000 - 0x00007ff9690f8000 	C:\Windows\System32\bcrypt.dll
0x00007ff96a710000 - 0x00007ff96a825000 	C:\Windows\System32\RPCRT4.dll
0x00007ff967a30000 - 0x00007ff967a7d000 	C:\Windows\SYSTEM32\POWRPROF.dll
0x00007ff95c7a0000 - 0x00007ff95c7d4000 	C:\Windows\SYSTEM32\WINMM.dll
0x00007ff961090000 - 0x00007ff96109a000 	C:\Windows\SYSTEM32\VERSION.dll
0x00007ff95d5a0000 - 0x00007ff95d5a9000 	C:\Windows\SYSTEM32\WSOCK32.dll
0x00007ff96b600000 - 0x00007ff96b671000 	C:\Windows\System32\WS2_32.dll
0x00007ff967a10000 - 0x00007ff967a23000 	C:\Windows\SYSTEM32\UMPDC.dll
0x00007ff967b70000 - 0x00007ff967b88000 	C:\Windows\SYSTEM32\kernel.appcore.dll
0x00007ff95c9a0000 - 0x00007ff95c9aa000 	c:\Users\Windows\.vscode\extensions\redhat.java-1.30.0-win32-x64\jre\17.0.10-win32-x86_64\bin\jimage.dll
0x00007ff9661b0000 - 0x00007ff9663e2000 	C:\Windows\SYSTEM32\DBGHELP.DLL
0x00007ff96a150000 - 0x00007ff96a4d8000 	C:\Windows\System32\combase.dll
0x00007ff96b480000 - 0x00007ff96b557000 	C:\Windows\System32\OLEAUT32.dll
0x00007ff93d480000 - 0x00007ff93d4b2000 	C:\Windows\SYSTEM32\dbgcore.DLL
0x00007ff969420000 - 0x00007ff969499000 	C:\Windows\System32\bcryptPrimitives.dll
0x00007ff95c940000 - 0x00007ff95c94e000 	c:\Users\Windows\.vscode\extensions\redhat.java-1.30.0-win32-x64\jre\17.0.10-win32-x86_64\bin\instrument.dll
0x00007ff955920000 - 0x00007ff955945000 	c:\Users\Windows\.vscode\extensions\redhat.java-1.30.0-win32-x64\jre\17.0.10-win32-x86_64\bin\java.dll
0x00007ff955a40000 - 0x00007ff955a58000 	c:\Users\Windows\.vscode\extensions\redhat.java-1.30.0-win32-x64\jre\17.0.10-win32-x86_64\bin\zip.dll
0x00007ff9698f0000 - 0x00007ff96a14c000 	C:\Windows\System32\SHELL32.dll
0x00007ff966980000 - 0x00007ff967276000 	C:\Windows\SYSTEM32\windows.storage.dll
0x00007ff966840000 - 0x00007ff96697e000 	C:\Windows\SYSTEM32\wintypes.dll
0x00007ff96ac40000 - 0x00007ff96ad35000 	C:\Windows\System32\SHCORE.dll
0x00007ff969710000 - 0x00007ff96976e000 	C:\Windows\System32\shlwapi.dll
0x00007ff9689c0000 - 0x00007ff9689e1000 	C:\Windows\SYSTEM32\profapi.dll
0x00007ff955900000 - 0x00007ff955919000 	C:\Users\Windows\.vscode\extensions\redhat.java-1.30.0-win32-x64\jre\17.0.10-win32-x86_64\bin\net.dll
0x00007ff961c50000 - 0x00007ff961d86000 	C:\Windows\SYSTEM32\WINHTTP.dll
0x00007ff968010000 - 0x00007ff968079000 	C:\Windows\system32\mswsock.dll
0x00007ff948d90000 - 0x00007ff948da6000 	C:\Users\Windows\.vscode\extensions\redhat.java-1.30.0-win32-x64\jre\17.0.10-win32-x86_64\bin\nio.dll
0x00007ff95c930000 - 0x00007ff95c940000 	c:\Users\Windows\.vscode\extensions\redhat.java-1.30.0-win32-x64\jre\17.0.10-win32-x86_64\bin\verify.dll

dbghelp: loaded successfully - version: 4.0.5 - missing functions: none
symbol engine: initialized successfully - sym options: 0x614 - pdb path: .;c:\Users\Windows\.vscode\extensions\redhat.java-1.30.0-win32-x64\jre\17.0.10-win32-x86_64\bin;C:\Windows\SYSTEM32;C:\Windows\WinSxS\amd64_microsoft.windows.common-controls_6595b64144ccf1df_6.0.22621.3527_none_270e469b73872a76;c:\Users\Windows\.vscode\extensions\redhat.java-1.30.0-win32-x64\jre\17.0.10-win32-x86_64\bin\server

VM Arguments:
jvm_args: --add-modules=ALL-SYSTEM --add-opens=java.base/java.util=ALL-UNNAMED --add-opens=java.base/java.lang=ALL-UNNAMED --add-opens=java.base/sun.nio.fs=ALL-UNNAMED -Declipse.application=org.eclipse.jdt.ls.core.id1 -Dosgi.bundles.defaultStartLevel=4 -Declipse.product=org.eclipse.jdt.ls.core.product -Djava.import.generatesMetadataFilesAtProjectRoot=false -DDetectVMInstallationsJob.disabled=true -Dfile.encoding=utf8 -XX:+UseParallelGC -XX:GCTimeRatio=4 -XX:AdaptiveSizePolicyWeight=90 -Dsun.zip.disableMemoryMapping=true -Xmx1G -Xms100m -Xlog:disable -javaagent:c:\Users\Windows\.vscode\extensions\redhat.java-1.30.0-win32-x64\lombok\lombok-1.18.32.jar 
java_command: c:\Users\Windows\.vscode\extensions\redhat.java-1.30.0-win32-x64\server\plugins\org.eclipse.equinox.launcher_1.6.800.v20240330-1250.jar -configuration c:\Users\Windows\AppData\Roaming\Code\User\globalStorage\redhat.java\1.30.0\config_ss_win -data c:\Users\Windows\AppData\Roaming\Code\User\workspaceStorage\f0bb040b8192fd1700751b880f193904\redhat.java\ss_ws --pipe=\\.\pipe\lsp-663c3b7f8e716e249f89cbc1de99e278-sock
java_class_path (initial): c:\Users\Windows\.vscode\extensions\redhat.java-1.30.0-win32-x64\server\plugins\org.eclipse.equinox.launcher_1.6.800.v20240330-1250.jar
Launcher Type: SUN_STANDARD

[Global flags]
    uintx AdaptiveSizePolicyWeight                 = 90                                        {product} {command line}
     intx CICompilerCount                          = 4                                         {product} {ergonomic}
    uintx GCTimeRatio                              = 4                                         {product} {command line}
   size_t InitialHeapSize                          = 104857600                                 {product} {command line}
   size_t MaxHeapSize                              = 1073741824                                {product} {command line}
   size_t MaxNewSize                               = 357564416                                 {product} {ergonomic}
   size_t MinHeapDeltaBytes                        = 524288                                    {product} {ergonomic}
   size_t MinHeapSize                              = 104857600                                 {product} {command line}
   size_t NewSize                                  = 34603008                                  {product} {ergonomic}
    uintx NonNMethodCodeHeapSize                   = 5839372                                {pd product} {ergonomic}
    uintx NonProfiledCodeHeapSize                  = 122909434                              {pd product} {ergonomic}
   size_t OldSize                                  = 70254592                                  {product} {ergonomic}
    uintx ProfiledCodeHeapSize                     = 122909434                              {pd product} {ergonomic}
    uintx ReservedCodeCacheSize                    = 251658240                              {pd product} {ergonomic}
     bool SegmentedCodeCache                       = true                                      {product} {ergonomic}
   size_t SoftMaxHeapSize                          = 1073741824                             {manageable} {ergonomic}
     bool UseCompressedClassPointers               = true                           {product lp64_product} {ergonomic}
     bool UseCompressedOops                        = true                           {product lp64_product} {ergonomic}
     bool UseLargePagesIndividualAllocation        = false                                  {pd product} {ergonomic}
     bool UseParallelGC                            = true                                      {product} {command line}

Logging:
Log output configuration:
 #0: stdout all=off uptime,level,tags
 #1: stderr all=off uptime,level,tags

Environment Variables:
JAVA_HOME=C:\Program Files\Java\jdk-22
PATH=C:\Ruby32-x64\bin;C:\Program Files\Common Files\Oracle\Java\javapath;C:\Program Files (x86)\Common Files\Oracle\Java\javapath;C:\Windows\system32;C:\Windows;C:\Windows\System32\Wbem;C:\Windows\System32\WindowsPowerShell\v1.0\;C:\Windows\System32\OpenSSH\;C:\Program Files\Git\cmd;C:\Program Files\dotnet\;C:\Program Files (x86)\Windows Kits\10\Windows Performance Toolkit\;C:\Program Files\Docker\Docker\resources\bin;C:\ProgramData\chocolatey\bin;C:\Program Files\nodejs\;D:\RailsInstaller\Git\cmd;D:\RailsInstaller\Ruby2.3.3\bin;C:\RailsInstaller\Git\cmd;C:\RailsInstaller\Ruby2.3.3\bin;C:\Users\Windows\AppData\Local\Programs\Python\Launcher\;C:\Users\Windows\AppData\Local\Microsoft\WindowsApps;C:\Users\Windows\AppData\Local\Programs\Microsoft VS Code\bin;C:\Users\Windows\.dotnet\tools;C:\Users\Windows\Downloads\apache-groovy-sdk-4.0.21\groovy-4.0.21\bin;C:\Program Files\JetBrains\IntelliJ IDEA 2024.1\bin;;D:\RailsInstaller\Ruby2.3.3\bin\ruby.exe;C:\Program Files (x86)\GnuWin32\bin;C:\Users\Windows\Downloads\cloudsim-3.0.3 (2)\cloudsim-3.0.3\examples;C:\Users\Windows\Downloads\cloudsim-3.0.3 (2)\cloudsim-3.0.3\jars;C:\Users\Windows\AppData\Roaming\npm
USERNAME=Windows
OS=Windows_NT
PROCESSOR_IDENTIFIER=Intel64 Family 6 Model 140 Stepping 2, GenuineIntel
TMP=C:\Users\Windows\AppData\Local\Temp
TEMP=C:\Users\Windows\AppData\Local\Temp



Periodic native trim disabled


---------------  S Y S T E M  ---------------

OS:
 Windows 11 , 64 bit Build 22621 (10.0.22621.3527)
OS uptime: 0 days 0:12 hours
Hyper-V role detected

CPU: total 8 (initial active 8) (4 cores per cpu, 2 threads per core) family 6 model 140 stepping 2 microcode 0x34, cx8, cmov, fxsr, ht, mmx, 3dnowpref, sse, sse2, sse3, ssse3, sse4.1, sse4.2, popcnt, lzcnt, tsc, tscinvbit, avx, avx2, aes, erms, clmul, bmi1, bmi2, adx, avx512f, avx512dq, avx512cd, avx512bw, avx512vl, sha, fma, vzeroupper, avx512_vpopcntdq, avx512_vpclmulqdq, avx512_vaes, avx512_vnni, clflush, clflushopt, clwb, avx512_vbmi2, avx512_vbmi, hv
Processor Information for all 8 processors :
  Max Mhz: 2496, Current Mhz: 2496, Mhz Limit: 2496

Memory: 4k page, system-wide physical 7834M (1202M free)
TotalPageFile size 7834M (AvailPageFile size 14M)
current process WorkingSet (physical memory assigned to process): 79M, peak: 79M
current process commit charge ("private bytes"): 201M, peak: 201M

vm_info: OpenJDK 64-Bit Server VM (17.0.10+7) for windows-amd64 JRE (17.0.10+7), built on Jan 16 2024 23:25:11 by "admin" with MS VC++ 16.10 / 16.11 (VS2019)

END.
